LibZxing/build/outputs/logs/manifest-merger-release-report.txt
-- Merging decision tree log ---
manifest
ADDED from Yc.WorkProtal.Android\LibZxing\AndroidManifest.xml:2:1-17:12
INJECTED from Yc.WorkProtal.Android\LibZxing\AndroidManifest.xml:2:1-17:12
INJECTED from Yc.WorkProtal.Android\LibZxing\AndroidManifest.xml:2:1-17:12
INJECTED from Yc.WorkProtal.Android\LibZxing\AndroidManifest.xml:2:1-17:12
INJECTED from Yc.WorkProtal.Android\LibZxing\AndroidManifest.xml:2:1-17:12
INJECTED from Yc.WorkProtal.Android\LibZxing\AndroidManifest.xml:2:1-17:12
INJECTED from Yc.WorkProtal.Android\LibZxing\AndroidManifest.xml:2:1-17:12
	package
		ADDED from Yc.WorkProtal.Android\LibZxing\AndroidManifest.xml:3:5-46
		INJECTED from Yc.WorkProtal.Android\LibZxing\AndroidManifest.xml
		INJECTED from Yc.WorkProtal.Android\LibZxing\AndroidManifest.xml
	android:versionName
		ADDED from Yc.WorkProtal.Android\LibZxing\AndroidManifest.xml:5:5-30
		INJECTED from Yc.WorkProtal.Android\LibZxing\AndroidManifest.xml
		INJECTED from Yc.WorkProtal.Android\LibZxing\AndroidManifest.xml
	xmlns:android
		ADDED from Yc.WorkProtal.Android\LibZxing\AndroidManifest.xml:2:11-69
	android:versionCode
		ADDED from Yc.WorkProtal.Android\LibZxing\AndroidManifest.xml:4:5-29
		INJECTED from Yc.WorkProtal.Android\LibZxing\AndroidManifest.xml
		INJECTED from Yc.WorkProtal.Android\LibZxing\AndroidManifest.xml
uses-sdk
ADDED from Yc.WorkProtal.Android\LibZxing\AndroidManifest.xml:7:5-9:41
	android:targetSdkVersion
		ADDED from Yc.WorkProtal.Android\LibZxing\AndroidManifest.xml:9:9-38
	android:minSdkVersion
		ADDED from Yc.WorkProtal.Android\LibZxing\AndroidManifest.xml:8:9-35
application
ADDED from Yc.WorkProtal.Android\LibZxing\AndroidManifest.xml:11:5-16:19
activity#com.google.zxing.ISBNActivity
ADDED from Yc.WorkProtal.Android\LibZxing\AndroidManifest.xml:12:9-14:76
	android:windowSoftInputMode
		ADDED from Yc.WorkProtal.Android\LibZxing\AndroidManifest.xml:14:13-73
	android:name
		ADDED from Yc.WorkProtal.Android\LibZxing\AndroidManifest.xml:13:13-57